<?xml version="1.0" encoding="UTF-8"?>
<testng-results skipped="0" failed="0" ignored="0" total="3" passed="3">
  <reporter-output>
  </reporter-output>
  <suite name="Default suite" duration-ms="32514" started-at="2022-09-21T10:21:58Z" finished-at="2022-09-21T10:22:30Z">
    <groups>
    </groups>
    <test name="Default test" duration-ms="32514" started-at="2022-09-21T10:21:58Z" finished-at="2022-09-21T10:22:30Z">
      <class name="com.test.LeaveApplyTC">
        <test-method status="PASS" signature="checklogin()[pri:0, instance:com.test.LeaveApplyTC@41330d4f]" name="checklogin" duration-ms="6841" started-at="2022-09-21T18:21:58Z" finished-at="2022-09-21T18:22:05Z">
          <reporter-output>
          </reporter-output>
        </test-method> <!-- checklogin -->
        <test-method status="PASS" signature="popupclose()[pri:1, instance:com.test.LeaveApplyTC@41330d4f]" name="popupclose" duration-ms="1169" started-at="2022-09-21T18:22:05Z" finished-at="2022-09-21T18:22:06Z">
          <reporter-output>
          </reporter-output>
        </test-method> <!-- popupclose -->
        <test-method status="PASS" signature="leaveapply()[pri:2, instance:com.test.LeaveApplyTC@41330d4f]" name="leaveapply" duration-ms="24462" started-at="2022-09-21T18:22:06Z" finished-at="2022-09-21T18:22:30Z">
          <reporter-output>
          </reporter-output>
        </test-method> <!-- leaveapply -->
      </class> <!-- com.test.LeaveApplyTC -->
    </test> <!-- Default test -->
  </suite> <!-- Default suite -->
</testng-results>
