<?xml version="1.0" encoding="UTF-8"?>
<!-- Generated by org.testng.reporters.JUnitXMLReporter -->
<testsuite hostname="DEV-WORK-STN-67" ignored="0" name="Default test" tests="3" failures="0" timestamp="21 Sep 2022 10:22:30 GMT" time="32.514" errors="0">
  <testcase name="checklogin" time="6.841" classname="com.test.LeaveApplyTC"/>
  <testcase name="popupclose" time="1.169" classname="com.test.LeaveApplyTC"/>
  <testcase name="leaveapply" time="24.462" classname="com.test.LeaveApplyTC"/>
</testsuite> <!-- Default test -->
